<?xml version="1.0" encoding="UTF-8"?>
<!-- Generated by org.testng.reporters.JUnitReportReporter -->
<testsuite hostname="LAPTOP-J72S96QE" name="qaclickacademy.AppiumTest" tests="2" failures="0" timestamp="14 Aug 2019 12:11:29 GMT" time="0.003" errors="0">
  <testcase name="NativeAppAndroid" time="0.000" classname="qaclickacademy.AppiumTest"/>
  <testcase name="IosApp" time="0.003" classname="qaclickacademy.AppiumTest"/>
</testsuite> <!-- qaclickacademy.AppiumTest -->
