<?xml version="1.0" encoding="UTF-8"?>
<!-- Generated by org.testng.reporters.JUnitReportReporter -->
<testsuite hostname="LAPTOP-J72S96QE" name="qaclickacademy.RestApiTest" tests="2" failures="0" timestamp="14 Aug 2019 12:13:54 GMT" time="0.000" errors="0">
  <testcase name="postJira" time="0.000" classname="qaclickacademy.RestApiTest"/>
  <testcase name="deleteTwitter" time="0.000" classname="qaclickacademy.RestApiTest"/>
</testsuite> <!-- qaclickacademy.RestApiTest -->
